\BOOKMARK [0][-]{section*.3}{Contents}{}% 1
\BOOKMARK [0][-]{section*.4}{List of Figures}{}% 2
\BOOKMARK [0][-]{section*.5}{List of Tables}{}% 3
\BOOKMARK [0][-]{chapter*.6}{List of Algorithms}{}% 4
\BOOKMARK [0][-]{chapter*.7}{Acknowledgements}{}% 5
\BOOKMARK [0][-]{chapter.1}{Introduction}{}% 6
\BOOKMARK [1][-]{section.1.1}{Motivation}{chapter.1}% 7
\BOOKMARK [1][-]{section.1.2}{Previous work}{chapter.1}% 8
\BOOKMARK [1][-]{section.1.3}{Research Goals}{chapter.1}% 9
\BOOKMARK [1][-]{section.1.4}{Chapter outline}{chapter.1}% 10
\BOOKMARK [0][-]{chapter.2}{Model order reduction for nonlinear dynamical systems}{}% 11
\BOOKMARK [1][-]{section.2.1}{The Proper Orthogonal Decomposition \(POD\)}{chapter.2}% 12
\BOOKMARK [2][-]{subsection.2.1.1}{Optimality of the POD basis}{section.2.1}% 13
\BOOKMARK [2][-]{subsection.2.1.2}{The projected reduced-order model}{section.2.1}% 14
\BOOKMARK [1][-]{section.2.2}{The Discrete Empirical Interpolation Method \(DEIM\)}{chapter.2}% 15
\BOOKMARK [1][-]{section.2.3}{Application: POD-DEIM for the unsteady Burgers' equation}{chapter.2}% 16
\BOOKMARK [2][-]{subsection.2.3.1}{Approximation error}{section.2.3}% 17
\BOOKMARK [2][-]{subsection.2.3.2}{Use of POD-DEIM for parameter studies}{section.2.3}% 18
\BOOKMARK [2][-]{subsection.2.3.3}{Computational speedup for POD and POD-DEIM}{section.2.3}% 19
\BOOKMARK [0][-]{chapter.3}{Optimal control of partial differential equations}{}% 20
\BOOKMARK [1][-]{section.3.1}{Newton-type methods using adjoint techniques for derivative computation}{chapter.3}% 21
\BOOKMARK [2][-]{subsection.3.1.1}{Using adjoint equations for gradient computation}{section.3.1}% 22
\BOOKMARK [2][-]{subsection.3.1.2}{Using adjoint equations for Hessian computation}{section.3.1}% 23
\BOOKMARK [1][-]{section.3.2}{Gradient-based optimization techniques}{chapter.3}% 24
\BOOKMARK [2][-]{subsection.3.2.1}{The Broyden\205Fletcher\205Goldfarb\205Shanno \(BFGS\) method}{section.3.2}% 25
\BOOKMARK [2][-]{subsection.3.2.2}{The spectral projected gradient \(SPG\) method}{section.3.2}% 26
\BOOKMARK [1][-]{section.3.3}{Application: Optimal control of Burgers' equation}{chapter.3}% 27
\BOOKMARK [2][-]{subsection.3.3.1}{Numerical results for a Newton-type method using adjoints}{section.3.3}% 28
\BOOKMARK [2][-]{subsection.3.3.2}{Numerical results for gradient-based optimization methods}{section.3.3}% 29
\BOOKMARK [0][-]{chapter.4}{Implementation and analysis of a POD-DEIM reduced model for the optimal control of Burgers' equation}{}% 30
\BOOKMARK [1][-]{section.4.1}{A POD-DEIM reduced model for optimal control of Burgers' equation}{chapter.4}% 31
\BOOKMARK [1][-]{section.4.2}{A Newton-type method for the POD-DEIM reduced model}{chapter.4}% 32
\BOOKMARK [1][-]{section.4.3}{Low-dimensional control using individual control points}{chapter.4}% 33
\BOOKMARK [1][-]{section.4.4}{Performance and error analysis}{chapter.4}% 34
\BOOKMARK [0][-]{chapter.5}{Summary and Future research}{}% 35
\BOOKMARK [1][-]{section.5.1}{Overview and main results}{chapter.5}% 36
\BOOKMARK [1][-]{section.5.2}{Outlook on future research questions}{chapter.5}% 37
\BOOKMARK [0][-]{section*.38}{Bibliography}{}% 38
\BOOKMARK [0][-]{appendix.A}{Numerical solution of Burgers' equation}{}% 39
\BOOKMARK [1][-]{section.A.1}{Spacial discretization via the finite element method}{appendix.A}% 40
\BOOKMARK [1][-]{section.A.2}{Time integration with the implicit Euler method}{appendix.A}% 41
\BOOKMARK [0][-]{appendix.B}{Implementation issues}{}% 42
\BOOKMARK [1][-]{section.B.1}{The truncated conjugant gradient \(CG\) method}{appendix.B}% 43
\BOOKMARK [1][-]{section.B.2}{Armijo line search}{appendix.B}% 44
\BOOKMARK [1][-]{section.B.3}{Matlab code}{appendix.B}% 45
\BOOKMARK [0][-]{appendix.C}{Notation}{}% 46
